<?xml version="1.0" encoding="UTF-8"?>
<testng-results ignored="0" total="1" passed="1" failed="0" skipped="0">
  <reporter-output>
  </reporter-output>
  <suite started-at="2023-10-11T20:30:35 IST" name="Default suite" finished-at="2023-10-11T20:30:42 IST" duration-ms="7570">
    <groups>
    </groups>
    <test started-at="2023-10-11T20:30:35 IST" name="Default test" finished-at="2023-10-11T20:30:42 IST" duration-ms="7570">
      <class name="Scripts.Testcase2">
        <test-method is-config="true" signature="openApp()[pri:0, instance:Scripts.Testcase2@28f2a10f]" started-at="2023-10-11T20:30:35 IST" name="openApp" finished-at="2023-10-11T20:30:39 IST" duration-ms="4254" status="PASS">
          <reporter-output>
          </reporter-output>
        </test-method> <!-- openApp -->
        <test-method signature="tc2()[pri:0, instance:Scripts.Testcase2@28f2a10f]" started-at="2023-10-11T20:30:39 IST" name="tc2" finished-at="2023-10-11T20:30:42 IST" duration-ms="2698" status="PASS">
          <reporter-output>
          </reporter-output>
        </test-method> <!-- tc2 -->
        <test-method is-config="true" signature="closeApp(org.testng.ITestResult)[pri:0, instance:Scripts.Testcase2@28f2a10f]" started-at="2023-10-11T20:30:42 IST" name="closeApp" finished-at="2023-10-11T20:30:42 IST" duration-ms="559" status="PASS">
          <params>
            <param index="0">
              <value>
                <![CDATA[[TestResult name=tc2 status=SUCCESS method=Testcase2.tc2()[pri:0, instance:Scripts.Testcase2@28f2a10f] output={null}]]]>
              </value>
            </param>
          </params>
          <reporter-output>
          </reporter-output>
        </test-method> <!-- closeApp -->
      </class> <!-- Scripts.Testcase2 -->
    </test> <!-- Default test -->
  </suite> <!-- Default suite -->
</testng-results>
